NP_415201.1	nan
NP_415200.1	nan
NP_415195.1	nan
NP_415194.1	nan
NP_415193.2	nan
NP_415192.1	nan
NP_415191.1	nan
NP_415190.1	nan
NP_415189.1	nan
ALZ83663.1	nan
ALZ83662.1	nan
ALZ83661.1	nan
ALZ83660.1	nan
ALZ83659.1	nan
ALZ83658.1	nan
ALZ83657.1	nan
ALZ83656.1	alpha-helical
ALZ83655.1	alpha-helical
ALM84748.1	nan
ALM84749.1	nan
ALM84750.1	alpha-helical
ALM84751.1	nan
ALM84752.1	nan
ALM87087.1	nan
ALM84753.1	nan
ALM84754.1	alpha-helical
ALM84755.1	nan
AOY00580.1	alpha-helical
AOY00581.1	nan
AOY02282.1	nan
AOY00582.1	nan
AOY00583.1	nan
AOY00584.1	nan
AOY00585.1	nan
AOY00586.1	alpha-helical
AOY02283.1	nan
ABM44526.1	nan
ABM45248.1	nan
ABM45260.1	nan
ABM44770.1	nan
ABM45079.1	nan
ABM44555.1	nan
ABM45581.1	nan
ABM45042.1	alpha-helical
ABM45051.1	nan
KUR80365.1	nan
KUR80366.1	nan
KUR80367.1	alpha-helical
KUR80368.1	nan
KUR80369.1	nan
KUR80477.1	nan
KUR80478.1	nan
KUR80370.1	nan
KUR80371.1	nan
AKU90592.1	nan
AKU90593.1	nan
AKU90594.1	alpha-helical
AKU90595.1	nan
AKU90596.1	nan
AKU90597.1	alpha-helical
AKU90598.1	nan
AKU90599.1	nan
AKU90600.1	nan
ADK84325.1	nan
ADK84324.1	nan
ADK84323.1	nan
ADK84322.1	alpha-helical
ADK84321.1	nan
ADK84320.1	alpha-helical
ADK84319.1	nan
ADK84318.1	nan
ADK84317.1	nan
CDM65284.1	nan
CDM65285.1	nan
CDM65286.1	nan
CDM65287.1	nan
CDM65288.1	nan
CDM65289.1	nan
CDM65290.1	alpha-helical
CDM65291.1	nan
CDM65292.1	nan
OFW14527.1	nan
OFW14528.1	nan
OFW14529.1	nan
OFW14530.1	nan
OFW14531.1	nan
OFW14544.1	nan
OFW14532.1	alpha-helical
OFW14533.1	nan
OFW14534.1	alpha-helical
OAQ19962.1	alpha-helical
OAQ19961.1	nan
OAQ19960.1	nan
OAQ19959.1	alpha-helical
OAQ19958.1	nan
OAQ19957.1	nan
OAQ19956.1	alpha-helical
OAQ19955.1	nan
OAQ19954.1	nan
OGW06853.1	nan
OGW06854.1	alpha-helical
OGW06855.1	nan
OGW06856.1	nan
OGW06857.1	nan
OGW06858.1	alpha-helical
OGW06859.1	nan
OGW06860.1	nan
OGW06861.1	alpha-helical
ABC46242.1	nan
ABC45197.1	alpha-helical
ABC45660.1	alpha-helical
ABC44289.1	nan
ABC43690.1	nan
ABC45405.1	nan
ABC46034.1	nan
ABC43779.1	nan
ABC44328.1	nan
CDD55825.1	nan
CDD55824.1	nan
CDD55823.1	nan
CDD55822.1	alpha-helical
CDD55821.1	nan
CDD55820.1	nan
CDD55819.1	nan
CDD55818.1	nan
CDD55817.1	nan
ADR36648.1	nan
ADR36649.1	alpha-helical
ADR36650.1	alpha-helical
ADR36651.1	nan
ADR36652.1	nan
ADR36653.1	nan
ADR36654.1	alpha-helical
ADR36655.1	alpha-helical
ADR36656.1	nan
AAF11543.1	alpha-helical
AAF11542.1	nan
AAF11550.1	nan
AAF11541.1	nan
AAF11540.1	nan
AAF11549.1	nan
AAF11538.1	nan
AAF11537.1	nan
AAF11536.1	nan
AFM21326.1	nan
AFM21327.1	nan
AFM21328.1	nan
AFM21329.1	nan
AFM21330.1	nan
AFM21331.1	alpha-helical
AFM21332.1	nan
AFM21333.1	alpha-helical
AFM21334.1	nan
ADE56881.1	nan
ADE56882.1	nan
ADE56883.1	nan
ADE56884.1	nan
ADE56885.1	nan
ADE56886.1	alpha-helical
ADE56887.1	nan
ADE56888.1	alpha-helical
ADE56889.1	nan
KWX22257.1	nan
KWX22258.1	nan
KWX22358.1	nan
KWX22259.1	alpha-helical
KWX22260.1	nan
KWX22261.1	nan
KWX22262.1	alpha-helical
KWX22263.1	nan
KWX22264.1	nan
ADH66148.1	nan
ADH66149.1	nan
ADH66150.1	nan
ADH66151.1	nan
ADH66152.1	nan
ADH66153.1	nan
ADH66154.1	alpha-helical
ADH66155.1	nan
ADH66156.1	nan
OFX35327.1	nan
OFX35328.1	nan
OFX35329.1	alpha-helical
OFX35330.1	nan
OFX35331.1	alpha-helical
OFX35343.1	alpha-helical
AGY81689.1	nan
AGY81690.1	nan
AGY81691.1	nan
AGY81692.1	nan
AGY81693.1	nan
AGY81694.1	alpha-helical
AGY81695.1	nan
AGY81696.1	alpha-helical
AGY81697.1	nan
EUJ33345.1	nan
EUJ33346.1	nan
EUJ33347.1	nan
EUJ33348.1	nan
EUJ33349.1	nan
EUJ33350.1	alpha-helical
EUJ33351.1	nan
EUJ33352.1	alpha-helical
EUJ33353.1	nan
WP_009632332.1	nan
WP_009632333.1	nan
WP_009632335.1	nan
WP_028954273.1	nan
WP_009632337.1	nan
WP_009632338.1	nan
WP_009632339.1	nan
WP_009632340.1	nan
WP_009632341.1	nan
ACC81389.1	nan
ACC81390.1	nan
ACC81391.1	nan
ACC81392.1	nan
ACC81393.1	nan
ACC81394.1	nan
ACC81395.1	alpha-helical
ACC81396.1	nan
ACC81397.1	alpha-helical
