targets:	['examples/yqlc_KHII/yqlc_nostoc_blast_nrbac70.clans']
user_email:	joana.pereira@tuebingen.mpg.de
ncbi_api_key:	753df7fcbbe798dd558fd8c955d494dd1709
get_taxonomy:	True
n_cpu:	5
n_flanking:	4
n_flanking5:	4
n_flanking3:	4
exclude_partial:	True
out_label:	default
out_label_suffix:	
tmp_folder:	/tmp
collect_only:	False
n_max:	2000
operon_cluster_advanced:	True
max_family_freq:	20
min_family_freq:	2
num_iterations:	1
max_evalue:	0.001
min_coverage:	70
default_base:	10
clustering_method:	mmseqs
blast:	psiblast
mmseqs:	mmseqs
genomic_context_cmap:	Spectral
out_format:	png
print_color_summary:	False
get_pdbs:	True
get_functional_annotations:	True
annotate_TM:	False
annotation_TM_mode:	uniprot
annotation_TM_file:	None
interactive:	True
gc_legend_mode:	species
min_coocc:	0.3
min_family_freq_accross_contexts:	30
sort_mode:	taxonomy
in_tree:	None
in_tree_format:	newick
clans_patterns:	None
clans_file:	None
