NP_417104.1	nan
YP_026171.3	nan
NP_417102.4	nan
NP_417101.1	nan
NP_417100.1	nan
NP_417099.4	nan
NP_417098.1	nan
NP_417097.1	nan
NP_417096.1	nan
CAE38163.1	nan
CAE38162.1	nan
CAE38161.1	nan
CAE38159.1	nan
CAE38158.1	nan
CAE38157.1	nan
CAE38156.1	nan
CAE38155.1	nan
ABM44559.1	nan
ABM45117.1	nan
ABM44704.1	nan
ABM45267.1	nan
ABM44631.1	nan
ABM45177.1	nan
ABM44460.1	nan
ABM45685.1	nan
ABM44945.1	nan
CAL34843.1	nan
CAL34844.1	alpha-helical
CAL34845.1	nan
CAL34846.1	nan
CAL34847.1	nan
CAL34848.1	nan
CAL34849.1	nan
CAL34850.1	nan
CAL34851.1	nan
ABF90607.1	nan
ABF91257.1	nan
ABF90253.1	nan
ABF86078.1	nan
ABF88726.1	nan
ABF88169.1	nan
ABF89241.1	nan
ABF92908.1	nan
ABF91840.1	nan
ACO32581.1	alpha-helical
ACO33639.1	nan
ACO31372.1	nan
ACO31734.1	nan
ACO33354.1	nan
ACO31799.1	nan
ACO31518.1	nan
ACO33737.1	nan
ACO34497.1	nan
ACI20485.1	nan
ACI20276.1	alpha-helical
ACI21187.1	alpha-helical
ACI22065.1	nan
ACI20405.1	nan
ACI21321.1	nan
ACI20613.1	nan
ACI21105.1	nan
ACI21777.1	nan
AAC67612.1	nan
AAC67613.1	nan
AAC67614.1	nan
AAC67615.1	nan
AAC67616.1	nan
AAC67617.1	nan
AAC67618.1	nan
AAC67619.1	nan
AAC67620.1	nan
ACD83334.1	nan
ACD83333.1	nan
ACD83332.1	nan
ACD83331.1	nan
ACD83330.1	nan
ACD83329.1	nan
ACD83328.1	nan
ACD83327.1	nan
ACD83326.1	nan
CAD77807.1	nan
CAD77806.1	nan
CAD77805.1	alpha-helical
CAD77804.1	nan
CAD77803.1	nan
CAD77802.1	nan
CAD77801.1	nan
CAD77800.1	nan
CAD77799.1	nan
BAG32690.1	alpha-helical
BAG32689.1	nan
BAG32688.1	nan
BAG32687.1	nan
BAG32686.1	nan
BAG32685.1	nan
BAG32684.1	nan
BAG32683.1	nan
BAG32682.1	nan
ABB28074.1	nan
ABB28073.1	nan
ABB28072.1	nan
ABB28071.1	nan
ABB28070.1	nan
ABB28069.1	nan
ABB28068.1	nan
ABB28067.1	nan
ABB28066.1	nan
ADL27401.1	nan
ADL26778.1	nan
ADL24632.1	nan
ADL26321.1	nan
ADL25432.1	nan
ADL26406.1	nan
ADL25835.1	nan
ADL26577.1	nan
ADL25209.1	nan
AAC06475.1	nan
AAC06476.1	nan
AAC06483.1	nan
AAC06477.1	nan
AAC06492.1	nan
AAC06503.1	nan
AAC06497.1	nan
AAC06498.1	nan
AAC06499.1	alpha-helical
BAD70862.1	nan
BAD70861.1	nan
BAD70860.1	nan
BAD70859.1	nan
BAD70858.1	nan
BAD70857.1	nan
BAD70856.1	nan
BAD70855.1	nan
BAD70854.1	nan
ACZ19651.1	nan
ACZ19650.1	nan
ACZ19649.1	nan
ACZ19648.1	nan
ACZ19647.1	nan
ACZ19646.1	nan
ACZ19645.1	nan
ACZ19644.1	nan
ACZ19643.1	nan
CCP45715.1	nan
CCP45714.1	nan
CCP45713.1	nan
CCP45712.1	nan
CCP45711.1	nan
CCP45710.1	nan
CCP45709.1	nan
CCP45708.1	nan
CCP45707.1	nan
CCW36459.1	nan
CCW36460.1	nan
CCW36461.1	nan
CCW36462.1	nan
CCW36463.1	nan
CCW36464.1	nan
CCW36465.1	nan
CCW36466.1	nan
CCW36467.1	nan
NP_389477.1	nan
NP_389478.1	nan
NP_389479.1	nan
NP_389480.1	nan
NP_389481.1	nan
NP_389482.1	nan
NP_389483.1	nan
NP_389484.1	nan
NP_389485.1	nan
AAC72471.1	nan
AAC72470.2	nan
AAC72468.1	nan
AAC72467.1	nan
AAC72466.2	nan
AAC72465.1	nan
AAC72464.1	nan
AAC72463.1	nan
AAC72462.1	nan
ACC81387.1	nan
ACC81388.1	nan
ACC81389.1	nan
ACC81390.1	nan
ACC81391.1	nan
ACC81392.1	nan
ACC81393.1	nan
ACC81394.1	nan
ACC81395.1	alpha-helical
AAD36628.1	nan
AAD36629.1	alpha-helical
AAD36630.1	nan
AAD36632.1	nan
AAD36633.1	nan
AAD36634.1	nan
AAD36635.1	nan
AAD36636.1	nan
AAD36637.1	nan
AAK74909.1	nan
AAK74910.1	alpha-helical
AAK74911.1	nan
AAK74912.1	nan
AAK74913.1	nan
AAK74914.1	nan
AAK74915.1	nan
AAK74916.1	nan
AAK74917.1	nan
